 2023-08-31 16:31:26 INFO Running regression test
 2023-08-31 16:31:26 ERROR Regression test failed
 2023-08-31 16:32:32 INFO Running regression test
 2023-08-31 16:32:32 ERROR Regression test failed
 2023-08-31 16:32:50 INFO Running regression test
 2023-08-31 16:32:50 INFO Running test passed
 2023-08-31 16:34:17 INFO Running random test
 2023-08-31 16:34:17 INFO Running test passed
 2023-08-31 16:34:17 INFO Running regression test
 2023-08-31 16:34:17 INFO Running test passed
 2023-08-31 16:34:35 INFO Running random test
 2023-08-31 16:34:35 ERROR Random test failed
 2023-08-31 16:34:35 INFO Running regression test
 2023-08-31 16:34:35 INFO Running test passed
 2023-08-31 16:36:08 INFO Running random test
 2023-08-31 16:36:08 ERROR Random test failed
 2023-08-31 16:36:08 INFO Running regression test
 2023-08-31 16:36:08 INFO Regression test passed
 2023-08-31 16:36:42 INFO Running random test
 2023-08-31 16:36:42 INFO Random test passed
 2023-08-31 16:36:42 INFO Running regression test
 2023-08-31 16:36:42 INFO Regression test passed
 2023-08-31 16:37:53 INFO Running null test
 2023-08-31 16:37:53 INFO Null test passed
 2023-08-31 16:37:53 INFO Running random test
 2023-08-31 16:37:53 INFO Random test passed
 2023-08-31 16:37:53 INFO Running regression test
 2023-08-31 16:37:53 INFO Regression test passed
 2023-08-31 16:38:03 INFO Running null test
 2023-08-31 16:38:03 ERROR Null test failed
 2023-08-31 16:38:03 INFO Running random test
 2023-08-31 16:38:03 INFO Random test passed
 2023-08-31 16:38:03 INFO Running regression test
 2023-08-31 16:38:03 INFO Regression test passed
 2023-08-31 16:38:18 INFO Running null test
 2023-08-31 16:38:18 ERROR Null test failed
 2023-08-31 16:38:18 INFO Running random test
 2023-08-31 16:38:18 INFO Random test passed
 2023-08-31 16:38:18 INFO Running regression test
 2023-08-31 16:38:18 INFO Regression test passed
 2023-08-31 16:39:51 INFO Running boundary test
 2023-08-31 16:39:51 INFO Boundary test passed
 2023-08-31 16:39:51 INFO Running null test
 2023-08-31 16:39:51 ERROR Null test failed
 2023-08-31 16:39:51 INFO Running random test
 2023-08-31 16:39:51 INFO Random test passed
 2023-08-31 16:39:51 INFO Running regression test
 2023-08-31 16:39:51 INFO Regression test passed
 2023-08-31 16:40:04 INFO Running boundary test
 2023-08-31 16:40:04 INFO Boundary test passed
 2023-08-31 16:40:04 INFO Running null test
 2023-08-31 16:40:04 INFO Null test passed
 2023-08-31 16:40:04 INFO Running random test
 2023-08-31 16:40:04 INFO Random test passed
 2023-08-31 16:40:04 INFO Running regression test
 2023-08-31 16:40:04 INFO Regression test passed
 2023-08-31 16:40:55 INFO Running boundary test
 2023-08-31 16:40:55 ERROR Boundary test failed
 2023-08-31 16:40:55 INFO Running null test
 2023-08-31 16:40:55 INFO Null test passed
 2023-08-31 16:40:55 INFO Running random test
 2023-08-31 16:40:55 INFO Random test passed
 2023-08-31 16:40:55 INFO Running regression test
 2023-08-31 16:40:55 INFO Regression test passed
 2023-08-31 16:41:20 INFO Running boundary test
 2023-08-31 16:41:20 INFO Boundary test passed
 2023-08-31 16:41:20 INFO Running null test
 2023-08-31 16:41:20 INFO Null test passed
 2023-08-31 16:41:20 INFO Running random test
 2023-08-31 16:41:20 INFO Random test passed
 2023-08-31 16:41:20 INFO Running regression test
 2023-08-31 16:41:20 INFO Regression test passed
 2023-08-31 16:56:53 INFO Running boundary test
 2023-08-31 16:56:53 INFO Boundary test passed
 2023-08-31 16:56:53 INFO Running null test
 2023-08-31 16:56:53 INFO Null test passed
 2023-08-31 16:56:53 INFO Running random test
 2023-08-31 16:56:53 INFO Random test passed
 2023-08-31 16:56:53 INFO Running regression test
 2023-08-31 16:56:53 INFO Regression test passed
