 2023-08-30 13:05:48 INFO minimum([4, 6, 2, 1, 9, 63, -134, 566]) == -134
 2023-08-30 13:05:48 INFO maximum([4, 6, 2, 1, 9, 63, -134, 566]) == 566
 2023-08-30 13:06:05 ERROR minimum([4, 6, 2, 1, 9, 63, -134, 566]) == -1314
 2023-08-30 13:06:07 INFO maximum([4, 6, 2, 1, 9, 63, -134, 566]) == 566
 2023-08-30 13:06:08 INFO minimum([4, 6, 2, 1, 9, 63, -134, 566]) == -134
 2023-08-30 13:06:08 ERROR maximum([4, 6, 2, 1, 9, 63, -134, 566]) == 5661
 2023-08-30 13:06:09 ERROR minimum([4, 6, 2, 1, 9, 63, -134, 566]) == 
 2023-08-30 13:06:09 ERROR maximum([4, 6, 2, 1, 9, 63, -134, 566]) == 
 2023-08-30 13:06:12 INFO minimum([-52, 56, 30, 29, -54, 0, -110]) == -110
 2023-08-30 13:06:12 INFO maximum([-52, 56, 30, 29, -54, 0, -110]) == 56
 2023-08-30 13:06:13 INFO minimum([42, 54, 65, 87, 0]) == 0
 2023-08-30 13:06:13 INFO maximum([42, 54, 65, 87, 0]) == 87
 2023-08-30 13:06:13 INFO minimum([42, 54, 65, 87, 0]) == 0
 2023-08-30 13:06:13 ERROR maximum([42, 54, 65, 87, 0]) == 65
 2023-08-30 13:06:14 ERROR minimum([42, 54, 65, 87, 0]) == False
 2023-08-30 13:06:14 INFO maximum([42, 54, 65, 87, 0]) == 87
 2023-08-30 13:06:17 INFO minimum([5]) == 5
 2023-08-30 13:06:17 INFO maximum([5]) == 5
 2023-08-30 13:06:20 INFO minimum([42, 54, 65, 87, 0]) == 0
 2023-08-30 13:06:20 INFO maximum([42, 54, 65, 87, 0]) == 87
 2023-08-30 13:06:22 INFO minimum([5]) == 5
 2023-08-30 13:06:22 INFO maximum([5]) == 5
 2023-08-30 13:06:29 INFO minimum([5]) == 5
 2023-08-30 13:06:29 ERROR maximum([5]) == False
 2023-08-30 13:06:35 ERROR minimum([5]) == 
 2023-08-30 13:06:35 ERROR maximum([5]) == 1
 2023-08-30 13:13:16 INFO minimum([4, 6, 2, 1, 9, 63, -134, 566]) == -134
 2023-08-30 13:13:16 INFO maximum([4, 6, 2, 1, 9, 63, -134, 566]) == 566
 2023-08-30 13:13:17 ERROR minimum([4, 6, 2, 1, 9, 63, -134, 566]) == -1314
 2023-08-30 13:13:17 INFO maximum([4, 6, 2, 1, 9, 63, -134, 566]) == 566
 2023-08-30 13:14:46 INFO minimum([4, 6, 2, 1, 9, 63, -134, 566]) == -134
 2023-08-30 13:14:46 ERROR maximum([4, 6, 2, 1, 9, 63, -134, 566]) == 5661
 2023-08-30 13:14:46 ERROR minimum([4, 6, 2, 1, 9, 63, -134, 566]) == 
 2023-08-30 13:14:46 ERROR maximum([4, 6, 2, 1, 9, 63, -134, 566]) == 
 2023-08-30 13:14:46 INFO minimum([-52, 56, 30, 29, -54, 0, -110]) == -110
 2023-08-30 13:14:46 INFO maximum([-52, 56, 30, 29, -54, 0, -110]) == 56
 2023-08-30 13:14:46 INFO minimum([42, 54, 65, 87, 0]) == 0
 2023-08-30 13:14:46 INFO maximum([42, 54, 65, 87, 0]) == 87
 2023-08-30 13:14:46 INFO minimum([42, 54, 65, 87, 0]) == 0
 2023-08-30 13:14:46 ERROR maximum([42, 54, 65, 87, 0]) == 65
 2023-08-30 13:14:46 ERROR minimum([42, 54, 65, 87, 0]) == False
 2023-08-30 13:14:46 INFO maximum([42, 54, 65, 87, 0]) == 87
 2023-08-30 13:14:46 INFO minimum([5]) == 5
 2023-08-30 13:14:46 INFO maximum([5]) == 5
 2023-08-30 13:14:46 INFO minimum([42, 54, 65, 87, 0]) == 0
 2023-08-30 13:14:46 INFO maximum([42, 54, 65, 87, 0]) == 87
 2023-08-30 13:14:46 INFO minimum([5]) == 5
 2023-08-30 13:14:46 INFO maximum([5]) == 5
 2023-08-30 13:14:46 INFO minimum([5]) == 5
 2023-08-30 13:14:46 ERROR maximum([5]) == False
 2023-08-30 13:14:46 ERROR minimum([5]) == 
 2023-08-30 13:14:46 ERROR maximum([5]) == 1
 2023-08-30 13:16:06 INFO minimum([4, 6, 2, 1, 9, 63, -134, 566]) == -134
 2023-08-30 13:16:06 INFO maximum([4, 6, 2, 1, 9, 63, -134, 566]) == 566
 2023-08-30 13:16:06 ERROR minimum([4, 6, 2, 1, 9, 63, -134, 566]) == -1314
 2023-08-30 13:16:06 INFO maximum([4, 6, 2, 1, 9, 63, -134, 566]) == 566
 2023-08-30 13:16:06 INFO minimum([4, 6, 2, 1, 9, 63, -134, 566]) == -134
 2023-08-30 13:16:06 ERROR maximum([4, 6, 2, 1, 9, 63, -134, 566]) == 5661
 2023-08-30 13:16:06 ERROR minimum([4, 6, 2, 1, 9, 63, -134, 566]) == 
 2023-08-30 13:16:06 ERROR maximum([4, 6, 2, 1, 9, 63, -134, 566]) == 
 2023-08-30 13:16:06 INFO minimum([-52, 56, 30, 29, -54, 0, -110]) == -110
 2023-08-30 13:16:06 INFO maximum([-52, 56, 30, 29, -54, 0, -110]) == 56
 2023-08-30 13:16:06 INFO minimum([42, 54, 65, 87, 0]) == 0
 2023-08-30 13:16:06 INFO maximum([42, 54, 65, 87, 0]) == 87
 2023-08-30 13:16:06 INFO minimum([42, 54, 65, 87, 0]) == 0
 2023-08-30 13:16:06 ERROR maximum([42, 54, 65, 87, 0]) == 65
 2023-08-30 13:16:06 ERROR minimum([42, 54, 65, 87, 0]) == False
 2023-08-30 13:16:06 INFO maximum([42, 54, 65, 87, 0]) == 87
 2023-08-30 13:16:06 INFO minimum([5]) == 5
 2023-08-30 13:16:06 INFO maximum([5]) == 5
 2023-08-30 13:16:06 INFO minimum([42, 54, 65, 87, 0]) == 0
 2023-08-30 13:16:06 INFO maximum([42, 54, 65, 87, 0]) == 87
 2023-08-30 13:16:06 INFO minimum([5]) == 5
 2023-08-30 13:16:06 INFO maximum([5]) == 5
 2023-08-30 13:16:06 INFO minimum([5]) == 5
 2023-08-30 13:16:06 ERROR maximum([5]) == False
 2023-08-30 13:16:06 ERROR minimum([5]) == 
 2023-08-30 13:16:06 ERROR maximum([5]) == 1
 2023-08-30 13:16:53 INFO minimum([4, 6, 2, 1, 9, 63, -134, 566]) == -134
 2023-08-30 13:16:53 INFO maximum([4, 6, 2, 1, 9, 63, -134, 566]) == 566
 2023-08-30 13:16:53 ERROR minimum([4, 6, 2, 1, 9, 63, -134, 566]) == -1314
 2023-08-30 13:16:53 INFO maximum([4, 6, 2, 1, 9, 63, -134, 566]) == 566
 2023-08-30 13:16:53 INFO minimum([4, 6, 2, 1, 9, 63, -134, 566]) == -134
 2023-08-30 13:16:53 ERROR maximum([4, 6, 2, 1, 9, 63, -134, 566]) == 5661
 2023-08-30 13:16:53 ERROR minimum([4, 6, 2, 1, 9, 63, -134, 566]) == 
 2023-08-30 13:16:53 ERROR maximum([4, 6, 2, 1, 9, 63, -134, 566]) == 
 2023-08-30 13:16:53 INFO minimum([-52, 56, 30, 29, -54, 0, -110]) == -110
 2023-08-30 13:16:53 INFO maximum([-52, 56, 30, 29, -54, 0, -110]) == 56
 2023-08-30 13:16:53 INFO minimum([42, 54, 65, 87, 0]) == 0
 2023-08-30 13:16:53 INFO maximum([42, 54, 65, 87, 0]) == 87
 2023-08-30 13:16:53 INFO minimum([42, 54, 65, 87, 0]) == 0
 2023-08-30 13:16:53 ERROR maximum([42, 54, 65, 87, 0]) == 65
 2023-08-30 13:16:53 ERROR minimum([42, 54, 65, 87, 0]) == False
 2023-08-30 13:16:53 INFO maximum([42, 54, 65, 87, 0]) == 87
 2023-08-30 13:16:53 INFO minimum([5]) == 5
 2023-08-30 13:16:53 INFO maximum([5]) == 5
 2023-08-30 13:16:53 INFO minimum([42, 54, 65, 87, 0]) == 0
 2023-08-30 13:16:53 INFO maximum([42, 54, 65, 87, 0]) == 87
 2023-08-30 13:16:53 INFO minimum([5]) == 5
 2023-08-30 13:16:53 INFO maximum([5]) == 5
 2023-08-30 13:16:53 INFO minimum([5]) == 5
 2023-08-30 13:16:53 ERROR maximum([5]) == False
 2023-08-30 13:16:53 ERROR minimum([5]) == 
 2023-08-30 13:16:53 ERROR maximum([5]) == 1
 2023-08-30 13:18:19 INFO minimum([4, 6, 2, 1, 9, 63, -134, 566]) == -134
 2023-08-30 13:18:19 INFO maximum([4, 6, 2, 1, 9, 63, -134, 566]) == 566
 2023-08-30 13:18:19 ERROR minimum([4, 6, 2, 1, 9, 63, -134, 566]) == -1314
 2023-08-30 13:18:19 INFO maximum([4, 6, 2, 1, 9, 63, -134, 566]) == 566
 2023-08-30 13:18:19 INFO minimum([4, 6, 2, 1, 9, 63, -134, 566]) == -134
 2023-08-30 13:18:19 ERROR maximum([4, 6, 2, 1, 9, 63, -134, 566]) == 5661
 2023-08-30 13:18:19 ERROR minimum([4, 6, 2, 1, 9, 63, -134, 566]) == 
 2023-08-30 13:18:19 ERROR maximum([4, 6, 2, 1, 9, 63, -134, 566]) == 
 2023-08-30 13:18:19 INFO minimum([-52, 56, 30, 29, -54, 0, -110]) == -110
 2023-08-30 13:18:19 INFO maximum([-52, 56, 30, 29, -54, 0, -110]) == 56
 2023-08-30 13:18:19 INFO minimum([42, 54, 65, 87, 0]) == 0
 2023-08-30 13:18:19 INFO maximum([42, 54, 65, 87, 0]) == 87
 2023-08-30 13:18:19 INFO minimum([42, 54, 65, 87, 0]) == 0
 2023-08-30 13:18:19 ERROR maximum([42, 54, 65, 87, 0]) == 65
 2023-08-30 13:18:19 ERROR minimum([42, 54, 65, 87, 0]) == False
 2023-08-30 13:18:19 INFO maximum([42, 54, 65, 87, 0]) == 87
 2023-08-30 13:18:19 INFO minimum([5]) == 5
 2023-08-30 13:18:19 INFO maximum([5]) == 5
 2023-08-30 13:18:19 INFO minimum([42, 54, 65, 87, 0]) == 0
 2023-08-30 13:18:19 INFO maximum([42, 54, 65, 87, 0]) == 87
 2023-08-30 13:18:19 INFO minimum([5]) == 5
 2023-08-30 13:18:19 INFO maximum([5]) == 5
 2023-08-30 13:18:19 INFO minimum([5]) == 5
 2023-08-30 13:18:19 ERROR maximum([5]) == False
 2023-08-30 13:18:19 ERROR minimum([5]) == 
 2023-08-30 13:18:19 ERROR maximum([5]) == 1
 2023-08-30 13:20:31 INFO minimum([4, 6, 2, 1, 9, 63, -134, 566]) == -134
 2023-08-30 13:20:31 INFO maximum([4, 6, 2, 1, 9, 63, -134, 566]) == 566
 2023-08-30 13:20:31 ERROR minimum([4, 6, 2, 1, 9, 63, -134, 566]) == -1314
 2023-08-30 13:20:31 INFO maximum([4, 6, 2, 1, 9, 63, -134, 566]) == 566
 2023-08-30 13:20:31 INFO minimum([4, 6, 2, 1, 9, 63, -134, 566]) == -134
 2023-08-30 13:20:31 ERROR maximum([4, 6, 2, 1, 9, 63, -134, 566]) == 5661
 2023-08-30 13:20:31 ERROR minimum([4, 6, 2, 1, 9, 63, -134, 566]) == 
 2023-08-30 13:20:31 ERROR maximum([4, 6, 2, 1, 9, 63, -134, 566]) == 
 2023-08-30 13:20:31 INFO minimum([-52, 56, 30, 29, -54, 0, -110]) == -110
 2023-08-30 13:20:31 INFO maximum([-52, 56, 30, 29, -54, 0, -110]) == 56
 2023-08-30 13:20:31 INFO minimum([42, 54, 65, 87, 0]) == 0
 2023-08-30 13:20:31 INFO maximum([42, 54, 65, 87, 0]) == 87
 2023-08-30 13:20:31 INFO minimum([42, 54, 65, 87, 0]) == 0
 2023-08-30 13:20:31 ERROR maximum([42, 54, 65, 87, 0]) == 65
 2023-08-30 13:20:31 ERROR minimum([42, 54, 65, 87, 0]) == False
 2023-08-30 13:20:31 INFO maximum([42, 54, 65, 87, 0]) == 87
 2023-08-30 13:20:31 INFO minimum([5]) == 5
 2023-08-30 13:20:31 INFO maximum([5]) == 5
 2023-08-30 13:20:31 INFO minimum([42, 54, 65, 87, 0]) == 0
 2023-08-30 13:20:31 INFO maximum([42, 54, 65, 87, 0]) == 87
 2023-08-30 13:20:31 INFO minimum([5]) == 5
 2023-08-30 13:20:31 INFO maximum([5]) == 5
 2023-08-30 13:20:31 INFO minimum([5]) == 5
 2023-08-30 13:20:31 ERROR maximum([5]) == False
 2023-08-30 13:20:31 ERROR minimum([5]) == 
 2023-08-30 13:20:31 ERROR maximum([5]) == 1
